\BOOKMARK [0][-]{chapter.1}{\376\377\0001\000\040\000H\000i\000e\000r\000a\000r\000c\000h\000i\000c\000a\000l\000\040\000I\000n\000d\000e\000x}{}% 1
\BOOKMARK [1][-]{section.1.1}{\376\377\0001\000.\0001\000\040\000C\000l\000a\000s\000s\000\040\000H\000i\000e\000r\000a\000r\000c\000h\000y}{chapter.1}% 2
\BOOKMARK [0][-]{chapter.2}{\376\377\0002\000\040\000C\000l\000a\000s\000s\000\040\000I\000n\000d\000e\000x}{}% 3
\BOOKMARK [1][-]{section.2.1}{\376\377\0002\000.\0001\000\040\000C\000l\000a\000s\000s\000\040\000L\000i\000s\000t}{chapter.2}% 4
\BOOKMARK [0][-]{chapter.3}{\376\377\0003\000\040\000F\000i\000l\000e\000\040\000I\000n\000d\000e\000x}{}% 5
\BOOKMARK [1][-]{section.3.1}{\376\377\0003\000.\0001\000\040\000F\000i\000l\000e\000\040\000L\000i\000s\000t}{chapter.3}% 6
\BOOKMARK [0][-]{chapter.4}{\376\377\0004\000\040\000C\000l\000a\000s\000s\000\040\000D\000o\000c\000u\000m\000e\000n\000t\000a\000t\000i\000o\000n}{}% 7
\BOOKMARK [1][-]{section.4.1}{\376\377\0004\000.\0001\000\040\000C\000a\000m\000e\000r\000a\000\040\000C\000l\000a\000s\000s\000\040\000R\000e\000f\000e\000r\000e\000n\000c\000e}{chapter.4}% 8
\BOOKMARK [2][-]{subsection.4.1.1}{\376\377\0004\000.\0001\000.\0001\000\040\000M\000e\000m\000b\000e\000r\000\040\000F\000u\000n\000c\000t\000i\000o\000n\000\040\000D\000o\000c\000u\000m\000e\000n\000t\000a\000t\000i\000o\000n}{section.4.1}% 9
\BOOKMARK [3][-]{subsubsection.4.1.1.1}{\376\377\0004\000.\0001\000.\0001\000.\0001\000\040\000g\000e\000t\000P\000a\000r\000a\000m\000L\000a\000b\000e\000l\000\050\000\051}{subsection.4.1.1}% 10
\BOOKMARK [3][-]{subsubsection.4.1.1.2}{\376\377\0004\000.\0001\000.\0001\000.\0002\000\040\000r\000e\000c\000e\000i\000v\000e\000F\000r\000a\000m\000e\000\050\000\051}{subsection.4.1.1}% 11
\BOOKMARK [3][-]{subsubsection.4.1.1.3}{\376\377\0004\000.\0001\000.\0001\000.\0003\000\040\000u\000p\000d\000a\000t\000e\000S\000e\000t\000t\000i\000n\000g\000s\000\050\000\051}{subsection.4.1.1}% 12
\BOOKMARK [1][-]{section.4.2}{\376\377\0004\000.\0002\000\040\000c\000e\000l\000l\000U\000v\000i\000e\000w\000W\000e\000l\000c\000o\000m\000e\000\040\000C\000l\000a\000s\000s\000\040\000R\000e\000f\000e\000r\000e\000n\000c\000e}{chapter.4}% 13
\BOOKMARK [2][-]{subsection.4.2.1}{\376\377\0004\000.\0002\000.\0001\000\040\000D\000e\000t\000a\000i\000l\000e\000d\000\040\000D\000e\000s\000c\000r\000i\000p\000t\000i\000o\000n}{section.4.2}% 14
\BOOKMARK [1][-]{section.4.3}{\376\377\0004\000.\0003\000\040\000c\000o\000n\000t\000r\000a\000s\000t\000E\000n\000h\000a\000n\000c\000e\000m\000e\000n\000t\000\040\000C\000l\000a\000s\000s\000\040\000R\000e\000f\000e\000r\000e\000n\000c\000e}{chapter.4}% 15
\BOOKMARK [2][-]{subsection.4.3.1}{\376\377\0004\000.\0003\000.\0001\000\040\000M\000e\000m\000b\000e\000r\000\040\000F\000u\000n\000c\000t\000i\000o\000n\000\040\000D\000o\000c\000u\000m\000e\000n\000t\000a\000t\000i\000o\000n}{section.4.3}% 16
\BOOKMARK [3][-]{subsubsection.4.3.1.1}{\376\377\0004\000.\0003\000.\0001\000.\0001\000\040\000g\000e\000t\000P\000a\000r\000a\000m\000L\000a\000b\000e\000l\000\050\000\051}{subsection.4.3.1}% 17
\BOOKMARK [3][-]{subsubsection.4.3.1.2}{\376\377\0004\000.\0003\000.\0001\000.\0002\000\040\000r\000e\000c\000e\000i\000v\000e\000F\000r\000a\000m\000e\000\050\000\051}{subsection.4.3.1}% 18
\BOOKMARK [3][-]{subsubsection.4.3.1.3}{\376\377\0004\000.\0003\000.\0001\000.\0003\000\040\000u\000p\000d\000a\000t\000e\000S\000e\000t\000t\000i\000n\000g\000s\000\050\000\051}{subsection.4.3.1}% 19
\BOOKMARK [1][-]{section.4.4}{\376\377\0004\000.\0004\000\040\000d\000i\000l\000a\000t\000i\000o\000n\000\040\000C\000l\000a\000s\000s\000\040\000R\000e\000f\000e\000r\000e\000n\000c\000e}{chapter.4}% 20
\BOOKMARK [2][-]{subsection.4.4.1}{\376\377\0004\000.\0004\000.\0001\000\040\000M\000e\000m\000b\000e\000r\000\040\000F\000u\000n\000c\000t\000i\000o\000n\000\040\000D\000o\000c\000u\000m\000e\000n\000t\000a\000t\000i\000o\000n}{section.4.4}% 21
\BOOKMARK [3][-]{subsubsection.4.4.1.1}{\376\377\0004\000.\0004\000.\0001\000.\0001\000\040\000g\000e\000t\000P\000a\000r\000a\000m\000L\000a\000b\000e\000l\000\050\000\051}{subsection.4.4.1}% 22
\BOOKMARK [3][-]{subsubsection.4.4.1.2}{\376\377\0004\000.\0004\000.\0001\000.\0002\000\040\000r\000e\000c\000e\000i\000v\000e\000F\000r\000a\000m\000e\000\050\000\051}{subsection.4.4.1}% 23
\BOOKMARK [3][-]{subsubsection.4.4.1.3}{\376\377\0004\000.\0004\000.\0001\000.\0003\000\040\000u\000p\000d\000a\000t\000e\000S\000e\000t\000t\000i\000n\000g\000s\000\050\000\051}{subsection.4.4.1}% 24
\BOOKMARK [1][-]{section.4.5}{\376\377\0004\000.\0005\000\040\000e\000d\000g\000e\000D\000e\000t\000e\000c\000t\000i\000o\000n\000\040\000C\000l\000a\000s\000s\000\040\000R\000e\000f\000e\000r\000e\000n\000c\000e}{chapter.4}% 25
\BOOKMARK [2][-]{subsection.4.5.1}{\376\377\0004\000.\0005\000.\0001\000\040\000M\000e\000m\000b\000e\000r\000\040\000F\000u\000n\000c\000t\000i\000o\000n\000\040\000D\000o\000c\000u\000m\000e\000n\000t\000a\000t\000i\000o\000n}{section.4.5}% 26
\BOOKMARK [3][-]{subsubsection.4.5.1.1}{\376\377\0004\000.\0005\000.\0001\000.\0001\000\040\000g\000e\000t\000P\000a\000r\000a\000m\000L\000a\000b\000e\000l\000\050\000\051}{subsection.4.5.1}% 27
\BOOKMARK [3][-]{subsubsection.4.5.1.2}{\376\377\0004\000.\0005\000.\0001\000.\0002\000\040\000r\000e\000c\000e\000i\000v\000e\000F\000r\000a\000m\000e\000\050\000\051}{subsection.4.5.1}% 28
\BOOKMARK [3][-]{subsubsection.4.5.1.3}{\376\377\0004\000.\0005\000.\0001\000.\0003\000\040\000u\000p\000d\000a\000t\000e\000S\000e\000t\000t\000i\000n\000g\000s\000\050\000\051}{subsection.4.5.1}% 29
\BOOKMARK [1][-]{section.4.6}{\376\377\0004\000.\0006\000\040\000e\000r\000o\000s\000i\000o\000n\000\040\000C\000l\000a\000s\000s\000\040\000R\000e\000f\000e\000r\000e\000n\000c\000e}{chapter.4}% 30
\BOOKMARK [2][-]{subsection.4.6.1}{\376\377\0004\000.\0006\000.\0001\000\040\000M\000e\000m\000b\000e\000r\000\040\000F\000u\000n\000c\000t\000i\000o\000n\000\040\000D\000o\000c\000u\000m\000e\000n\000t\000a\000t\000i\000o\000n}{section.4.6}% 31
\BOOKMARK [3][-]{subsubsection.4.6.1.1}{\376\377\0004\000.\0006\000.\0001\000.\0001\000\040\000g\000e\000t\000P\000a\000r\000a\000m\000L\000a\000b\000e\000l\000\050\000\051}{subsection.4.6.1}% 32
\BOOKMARK [3][-]{subsubsection.4.6.1.2}{\376\377\0004\000.\0006\000.\0001\000.\0002\000\040\000r\000e\000c\000e\000i\000v\000e\000F\000r\000a\000m\000e\000\050\000\051}{subsection.4.6.1}% 33
\BOOKMARK [3][-]{subsubsection.4.6.1.3}{\376\377\0004\000.\0006\000.\0001\000.\0003\000\040\000u\000p\000d\000a\000t\000e\000S\000e\000t\000t\000i\000n\000g\000s\000\050\000\051}{subsection.4.6.1}% 34
\BOOKMARK [1][-]{section.4.7}{\376\377\0004\000.\0007\000\040\000f\000l\000a\000t\000F\000i\000e\000l\000d\000C\000o\000r\000r\000e\000c\000t\000\040\000C\000l\000a\000s\000s\000\040\000R\000e\000f\000e\000r\000e\000n\000c\000e}{chapter.4}% 35
\BOOKMARK [2][-]{subsection.4.7.1}{\376\377\0004\000.\0007\000.\0001\000\040\000M\000e\000m\000b\000e\000r\000\040\000F\000u\000n\000c\000t\000i\000o\000n\000\040\000D\000o\000c\000u\000m\000e\000n\000t\000a\000t\000i\000o\000n}{section.4.7}% 36
\BOOKMARK [3][-]{subsubsection.4.7.1.1}{\376\377\0004\000.\0007\000.\0001\000.\0001\000\040\000g\000e\000t\000P\000a\000r\000a\000m\000L\000a\000b\000e\000l\000\050\000\051}{subsection.4.7.1}% 37
\BOOKMARK [3][-]{subsubsection.4.7.1.2}{\376\377\0004\000.\0007\000.\0001\000.\0002\000\040\000r\000e\000c\000e\000i\000v\000e\000F\000r\000a\000m\000e\000\050\000\051}{subsection.4.7.1}% 38
\BOOKMARK [3][-]{subsubsection.4.7.1.3}{\376\377\0004\000.\0007\000.\0001\000.\0003\000\040\000u\000p\000d\000a\000t\000e\000S\000e\000t\000t\000i\000n\000g\000s\000\050\000\051}{subsection.4.7.1}% 39
\BOOKMARK [1][-]{section.4.8}{\376\377\0004\000.\0008\000\040\000f\000r\000a\000m\000e\000\040\000C\000l\000a\000s\000s\000\040\000R\000e\000f\000e\000r\000e\000n\000c\000e}{chapter.4}% 40
\BOOKMARK [1][-]{section.4.9}{\376\377\0004\000.\0009\000\040\000G\000a\000l\000l\000e\000r\000y\000\040\000C\000l\000a\000s\000s\000\040\000R\000e\000f\000e\000r\000e\000n\000c\000e}{chapter.4}% 41
\BOOKMARK [1][-]{section.4.10}{\376\377\0004\000.\0001\0000\000\040\000g\000r\000a\000y\000S\000c\000a\000l\000e\000\040\000C\000l\000a\000s\000s\000\040\000R\000e\000f\000e\000r\000e\000n\000c\000e}{chapter.4}% 42
\BOOKMARK [2][-]{subsection.4.10.1}{\376\377\0004\000.\0001\0000\000.\0001\000\040\000M\000e\000m\000b\000e\000r\000\040\000F\000u\000n\000c\000t\000i\000o\000n\000\040\000D\000o\000c\000u\000m\000e\000n\000t\000a\000t\000i\000o\000n}{section.4.10}% 43
\BOOKMARK [3][-]{subsubsection.4.10.1.1}{\376\377\0004\000.\0001\0000\000.\0001\000.\0001\000\040\000g\000e\000t\000P\000a\000r\000a\000m\000L\000a\000b\000e\000l\000\050\000\051}{subsection.4.10.1}% 44
\BOOKMARK [3][-]{subsubsection.4.10.1.2}{\376\377\0004\000.\0001\0000\000.\0001\000.\0002\000\040\000r\000e\000c\000e\000i\000v\000e\000F\000r\000a\000m\000e\000\050\000\051}{subsection.4.10.1}% 45
\BOOKMARK [3][-]{subsubsection.4.10.1.3}{\376\377\0004\000.\0001\0000\000.\0001\000.\0003\000\040\000u\000p\000d\000a\000t\000e\000S\000e\000t\000t\000i\000n\000g\000s\000\050\000\051}{subsection.4.10.1}% 46
\BOOKMARK [1][-]{section.4.11}{\376\377\0004\000.\0001\0001\000\040\000G\000u\000i\000\040\000C\000l\000a\000s\000s\000\040\000R\000e\000f\000e\000r\000e\000n\000c\000e}{chapter.4}% 47
\BOOKMARK [2][-]{subsection.4.11.1}{\376\377\0004\000.\0001\0001\000.\0001\000\040\000D\000e\000t\000a\000i\000l\000e\000d\000\040\000D\000e\000s\000c\000r\000i\000p\000t\000i\000o\000n}{section.4.11}% 48
\BOOKMARK [2][-]{subsection.4.11.2}{\376\377\0004\000.\0001\0001\000.\0002\000\040\000C\000o\000n\000s\000t\000r\000u\000c\000t\000o\000r\000\040\000\046\000\040\000D\000e\000s\000t\000r\000u\000c\000t\000o\000r\000\040\000D\000o\000c\000u\000m\000e\000n\000t\000a\000t\000i\000o\000n}{section.4.11}% 49
\BOOKMARK [3][-]{subsubsection.4.11.2.1}{\376\377\0004\000.\0001\0001\000.\0002\000.\0001\000\040\000G\000u\000i\000\050\000\051}{subsection.4.11.2}% 50
\BOOKMARK [2][-]{subsection.4.11.3}{\376\377\0004\000.\0001\0001\000.\0003\000\040\000M\000e\000m\000b\000e\000r\000\040\000F\000u\000n\000c\000t\000i\000o\000n\000\040\000D\000o\000c\000u\000m\000e\000n\000t\000a\000t\000i\000o\000n}{section.4.11}% 51
\BOOKMARK [3][-]{subsubsection.4.11.3.1}{\376\377\0004\000.\0001\0001\000.\0003\000.\0001\000\040\000r\000e\000c\000e\000i\000v\000e\000F\000r\000a\000m\000e\000\050\000\051}{subsection.4.11.3}% 52
\BOOKMARK [3][-]{subsubsection.4.11.3.2}{\376\377\0004\000.\0001\0001\000.\0003\000.\0002\000\040\000S\000e\000t\000V\000i\000s\000i\000b\000l\000e\000\050\000\051}{subsection.4.11.3}% 53
\BOOKMARK [1][-]{section.4.12}{\376\377\0004\000.\0001\0002\000\040\000i\000m\000a\000g\000e\000P\000r\000o\000c\000e\000s\000s\000o\000r\000\040\000C\000l\000a\000s\000s\000\040\000R\000e\000f\000e\000r\000e\000n\000c\000e}{chapter.4}% 54
\BOOKMARK [2][-]{subsection.4.12.1}{\376\377\0004\000.\0001\0002\000.\0001\000\040\000M\000e\000m\000b\000e\000r\000\040\000F\000u\000n\000c\000t\000i\000o\000n\000\040\000D\000o\000c\000u\000m\000e\000n\000t\000a\000t\000i\000o\000n}{section.4.12}% 55
\BOOKMARK [3][-]{subsubsection.4.12.1.1}{\376\377\0004\000.\0001\0002\000.\0001\000.\0001\000\040\000r\000e\000c\000e\000i\000v\000e\000F\000r\000a\000m\000e\000\050\000\051}{subsection.4.12.1}% 56
\BOOKMARK [0][-]{chapter.5}{\376\377\0005\000\040\000F\000i\000l\000e\000\040\000D\000o\000c\000u\000m\000e\000n\000t\000a\000t\000i\000o\000n}{}% 57
\BOOKMARK [1][-]{section.5.1}{\376\377\0005\000.\0001\000\040\000c\000a\000m\000e\000r\000a\000.\000h}{chapter.5}% 58
\BOOKMARK [1][-]{section.5.2}{\376\377\0005\000.\0002\000\040\000c\000e\000l\000l\000U\000v\000i\000e\000w\000W\000e\000l\000c\000o\000m\000e\000.\000h}{chapter.5}% 59
\BOOKMARK [1][-]{section.5.3}{\376\377\0005\000.\0003\000\040\000c\000o\000n\000t\000r\000a\000s\000t\000E\000n\000h\000a\000n\000c\000e\000m\000e\000n\000t\000.\000h}{chapter.5}% 60
\BOOKMARK [1][-]{section.5.4}{\376\377\0005\000.\0004\000\040\000d\000i\000l\000a\000t\000i\000o\000n\000.\000h}{chapter.5}% 61
\BOOKMARK [1][-]{section.5.5}{\376\377\0005\000.\0005\000\040\000e\000d\000g\000e\000D\000e\000t\000e\000c\000t\000i\000o\000n\000.\000h}{chapter.5}% 62
\BOOKMARK [1][-]{section.5.6}{\376\377\0005\000.\0006\000\040\000e\000r\000o\000s\000i\000o\000n\000.\000h}{chapter.5}% 63
\BOOKMARK [1][-]{section.5.7}{\376\377\0005\000.\0007\000\040\000f\000l\000a\000t\000F\000i\000e\000l\000d\000C\000o\000r\000r\000e\000c\000t\000.\000h}{chapter.5}% 64
\BOOKMARK [1][-]{section.5.8}{\376\377\0005\000.\0008\000\040\000f\000r\000a\000m\000e\000.\000h}{chapter.5}% 65
\BOOKMARK [1][-]{section.5.9}{\376\377\0005\000.\0009\000\040\000g\000a\000l\000l\000e\000r\000y\000.\000h}{chapter.5}% 66
\BOOKMARK [1][-]{section.5.10}{\376\377\0005\000.\0001\0000\000\040\000g\000r\000a\000y\000S\000c\000a\000l\000e\000.\000h}{chapter.5}% 67
\BOOKMARK [1][-]{section.5.11}{\376\377\0005\000.\0001\0001\000\040\000g\000u\000i\000.\000h}{chapter.5}% 68
\BOOKMARK [1][-]{section.5.12}{\376\377\0005\000.\0001\0002\000\040\000i\000m\000a\000g\000e\000P\000r\000o\000c\000e\000s\000s\000o\000r\000.\000h}{chapter.5}% 69
\BOOKMARK [0][-]{section*.34}{\376\377\000I\000n\000d\000e\000x}{}% 70
